<?xml version="1.0" encoding="UTF-8"?>
<!-- Generated by org.testng.reporters.JUnitReportReporter -->
<testsuite hostname="DESKTOP-29SGP4L" failures="0" tests="3" name="alankar.framework.tests.SubmitOrderTest" time="15.734" errors="0" timestamp="2024-08-14T00:15:14 IST" skipped="0">
  <testcase classname="alankar.framework.tests.SubmitOrderTest" name="submitOrder" time="6.864"/>
  <system-out/>
  <testcase classname="alankar.framework.tests.SubmitOrderTest" name="submitOrder" time="6.048"/>
  <system-out/>
  <testcase classname="alankar.framework.tests.SubmitOrderTest" name="OrderHistoryTest" time="2.822"/>
  <system-out/>
</testsuite> <!-- alankar.framework.tests.SubmitOrderTest -->
