<?xml version="1.0" encoding="UTF-8"?>
<!-- Generated by org.testng.reporters.JUnitReportReporter -->
<testsuite hostname="DESKTOP-29SGP4L" failures="0" tests="2" name="cucumber.TestNGestRunner" time="6.197" errors="0" timestamp="2024-08-18T04:11:32 IST" skipped="0">
  <testcase classname="cucumber.TestNGestRunner" name="runScenario" time="2.223"/>
  <system-out/>
  <testcase classname="cucumber.TestNGestRunner" name="runScenario" time="3.974"/>
  <system-out/>
</testsuite> <!-- cucumber.TestNGestRunner -->
